<?xml version="1.0" encoding="UTF-8"?>
<coverage generated="1722216682458" clover="3.2.0">
  <project timestamp="1722216682458" name="All files">
    <metrics statements="31" coveredstatements="29" conditionals="16" coveredconditionals="14" methods="9" coveredmethods="9" elements="56" coveredelements="52" complexity="0" loc="31" ncloc="31" packages="1" files="1" classes="1"/>
    <file name="script.js" path="C:\Users\yjw\web\odin\the-odin-project\testing-practice\script.js">
      <metrics statements="31" coveredstatements="29" conditionals="16" coveredconditionals="14" methods="9" coveredmethods="9"/>
      <line num="3" count="1" type="stmt"/>
      <line num="4" count="1" type="stmt"/>
      <line num="8" count="1" type="stmt"/>
      <line num="9" count="1" type="stmt"/>
      <line num="12" count="1" type="stmt"/>
      <line num="13" count="1" type="stmt"/>
      <line num="14" count="1" type="stmt"/>
      <line num="15" count="1" type="stmt"/>
      <line num="17" count="2" type="cond" truecount="2" falsecount="0"/>
      <line num="18" count="1" type="stmt"/>
      <line num="20" count="1" type="stmt"/>
      <line num="26" count="3" type="stmt"/>
      <line num="27" count="3" type="cond" truecount="1" falsecount="1"/>
      <line num="28" count="0" type="stmt"/>
      <line num="31" count="3" type="stmt"/>
      <line num="32" count="21" type="stmt"/>
      <line num="33" count="21" type="cond" truecount="6" falsecount="0"/>
      <line num="34" count="18" type="stmt"/>
      <line num="35" count="18" type="cond" truecount="2" falsecount="0"/>
      <line num="36" count="3" type="stmt"/>
      <line num="38" count="15" type="cond" truecount="3" falsecount="1"/>
      <line num="39" count="0" type="stmt"/>
      <line num="41" count="18" type="stmt"/>
      <line num="43" count="3" type="stmt"/>
      <line num="46" count="3" type="stmt"/>
      <line num="50" count="5" type="stmt"/>
      <line num="51" count="1" type="stmt"/>
      <line num="52" count="1" type="stmt"/>
      <line num="53" count="1" type="stmt"/>
      <line num="54" count="1" type="stmt"/>
      <line num="62" count="1" type="stmt"/>
    </file>
  </project>
</coverage>
