{"C:\\Users\\yjw\\web\\odin\\the-odin-project\\testing-practice\\script.js": {"path":"C:\\Users\\yjw\\web\\odin\\the-odin-project\\testing-practice\\script.js","statementMap":{"0":{"start":{"line":3,"column":20},"end":{"line":3,"column":55}},"1":{"start":{"line":4,"column":4},"end":{"line":4,"column":19}},"2":{"start":{"line":8,"column":21},"end":{"line":8,"column":53}},"3":{"start":{"line":9,"column":4},"end":{"line":9,"column":20}},"4":{"start":{"line":12,"column":19},"end":{"line":22,"column":1}},"5":{"start":{"line":13,"column":19},"end":{"line":13,"column":24}},"6":{"start":{"line":14,"column":24},"end":{"line":14,"column":29}},"7":{"start":{"line":15,"column":24},"end":{"line":15,"column":29}},"8":{"start":{"line":17,"column":8},"end":{"line":19,"column":9}},"9":{"start":{"line":18,"column":12},"end":{"line":18,"column":53}},"10":{"start":{"line":20,"column":8},"end":{"line":20,"column":21}},"11":{"start":{"line":26,"column":17},"end":{"line":26,"column":19}},"12":{"start":{"line":27,"column":4},"end":{"line":29,"column":5}},"13":{"start":{"line":28,"column":8},"end":{"line":28,"column":56}},"14":{"start":{"line":31,"column":4},"end":{"line":45,"column":5}},"15":{"start":{"line":31,"column":16},"end":{"line":31,"column":17}},"16":{"start":{"line":32,"column":19},"end":{"line":32,"column":38}},"17":{"start":{"line":33,"column":8},"end":{"line":44,"column":9}},"18":{"start":{"line":34,"column":12},"end":{"line":34,"column":47}},"19":{"start":{"line":35,"column":12},"end":{"line":40,"column":13}},"20":{"start":{"line":36,"column":16},"end":{"line":36,"column":43}},"21":{"start":{"line":38,"column":17},"end":{"line":40,"column":13}},"22":{"start":{"line":39,"column":16},"end":{"line":39,"column":42}},"23":{"start":{"line":41,"column":12},"end":{"line":41,"column":48}},"24":{"start":{"line":43,"column":12},"end":{"line":43,"column":29}},"25":{"start":{"line":46,"column":4},"end":{"line":46,"column":18}},"26":{"start":{"line":50,"column":20},"end":{"line":50,"column":60}},"27":{"start":{"line":50,"column":41},"end":{"line":50,"column":46}},"28":{"start":{"line":51,"column":16},"end":{"line":51,"column":32}},"29":{"start":{"line":52,"column":16},"end":{"line":52,"column":32}},"30":{"start":{"line":53,"column":19},"end":{"line":53,"column":29}},"31":{"start":{"line":54,"column":4},"end":{"line":59,"column":5}},"32":{"start":{"line":62,"column":0},"end":{"line":68,"column":1}}},"fnMap":{"0":{"name":"capitalize","decl":{"start":{"line":2,"column":9},"end":{"line":2,"column":19}},"loc":{"start":{"line":2,"column":25},"end":{"line":5,"column":1}},"line":2},"1":{"name":"reverseString","decl":{"start":{"line":7,"column":9},"end":{"line":7,"column":22}},"loc":{"start":{"line":7,"column":28},"end":{"line":10,"column":1}},"line":7},"2":{"name":"(anonymous_2)","decl":{"start":{"line":13,"column":9},"end":{"line":13,"column":10}},"loc":{"start":{"line":13,"column":19},"end":{"line":13,"column":24}},"line":13},"3":{"name":"(anonymous_3)","decl":{"start":{"line":14,"column":14},"end":{"line":14,"column":15}},"loc":{"start":{"line":14,"column":24},"end":{"line":14,"column":29}},"line":14},"4":{"name":"(anonymous_4)","decl":{"start":{"line":15,"column":14},"end":{"line":15,"column":15}},"loc":{"start":{"line":15,"column":24},"end":{"line":15,"column":29}},"line":15},"5":{"name":"(anonymous_5)","decl":{"start":{"line":16,"column":12},"end":{"line":16,"column":13}},"loc":{"start":{"line":16,"column":22},"end":{"line":21,"column":5}},"line":16},"6":{"name":"caesarCipher","decl":{"start":{"line":25,"column":9},"end":{"line":25,"column":21}},"loc":{"start":{"line":25,"column":34},"end":{"line":47,"column":1}},"line":25},"7":{"name":"analyzeArray","decl":{"start":{"line":49,"column":9},"end":{"line":49,"column":21}},"loc":{"start":{"line":49,"column":28},"end":{"line":60,"column":1}},"line":49},"8":{"name":"(anonymous_8)","decl":{"start":{"line":50,"column":31},"end":{"line":50,"column":32}},"loc":{"start":{"line":50,"column":41},"end":{"line":50,"column":46}},"line":50}},"branchMap":{"0":{"loc":{"start":{"line":17,"column":8},"end":{"line":19,"column":9}},"type":"if","locations":[{"start":{"line":17,"column":8},"end":{"line":19,"column":9}},{"start":{},"end":{}}],"line":17},"1":{"loc":{"start":{"line":27,"column":4},"end":{"line":29,"column":5}},"type":"if","locations":[{"start":{"line":27,"column":4},"end":{"line":29,"column":5}},{"start":{},"end":{}}],"line":27},"2":{"loc":{"start":{"line":33,"column":8},"end":{"line":44,"column":9}},"type":"if","locations":[{"start":{"line":33,"column":8},"end":{"line":44,"column":9}},{"start":{"line":42,"column":15},"end":{"line":44,"column":9}}],"line":33},"3":{"loc":{"start":{"line":33,"column":12},"end":{"line":33,"column":68}},"type":"binary-expr","locations":[{"start":{"line":33,"column":13},"end":{"line":33,"column":23}},{"start":{"line":33,"column":27},"end":{"line":33,"column":36}},{"start":{"line":33,"column":42},"end":{"line":33,"column":52}},{"start":{"line":33,"column":56},"end":{"line":33,"column":67}}],"line":33},"4":{"loc":{"start":{"line":35,"column":12},"end":{"line":40,"column":13}},"type":"if","locations":[{"start":{"line":35,"column":12},"end":{"line":40,"column":13}},{"start":{"line":38,"column":17},"end":{"line":40,"column":13}}],"line":35},"5":{"loc":{"start":{"line":38,"column":17},"end":{"line":40,"column":13}},"type":"if","locations":[{"start":{"line":38,"column":17},"end":{"line":40,"column":13}},{"start":{},"end":{}}],"line":38},"6":{"loc":{"start":{"line":38,"column":21},"end":{"line":38,"column":43}},"type":"binary-expr","locations":[{"start":{"line":38,"column":21},"end":{"line":38,"column":30}},{"start":{"line":38,"column":34},"end":{"line":38,"column":43}}],"line":38}},"s":{"0":1,"1":1,"2":1,"3":1,"4":1,"5":1,"6":1,"7":1,"8":2,"9":1,"10":1,"11":3,"12":3,"13":0,"14":3,"15":3,"16":21,"17":21,"18":18,"19":18,"20":3,"21":15,"22":0,"23":18,"24":3,"25":3,"26":1,"27":5,"28":1,"29":1,"30":1,"31":1,"32":1},"f":{"0":1,"1":1,"2":1,"3":1,"4":1,"5":2,"6":3,"7":1,"8":5},"b":{"0":[1,1],"1":[0,3],"2":[18,3],"3":[21,18,16,13],"4":[3,15],"5":[0,15],"6":[15,10]},"_coverageSchema":"1a1c01bbd47fc00a2c39e90264f33305004495a9","hash":"91c25df23a4b207efbacf23c2ee9453bfcc007e6"}
}
