TN:
SF:script.js
FN:2,capitalize
FN:7,reverseString
FN:13,(anonymous_2)
FN:14,(anonymous_3)
FN:15,(anonymous_4)
FN:16,(anonymous_5)
FN:25,caesarCipher
FN:49,analyzeArray
FN:50,(anonymous_8)
FNF:9
FNH:9
FNDA:1,capitalize
FNDA:1,reverseString
FNDA:1,(anonymous_2)
FNDA:1,(anonymous_3)
FNDA:1,(anonymous_4)
FNDA:2,(anonymous_5)
FNDA:3,caesarCipher
FNDA:1,analyzeArray
FNDA:5,(anonymous_8)
DA:3,1
DA:4,1
DA:8,1
DA:9,1
DA:12,1
DA:13,1
DA:14,1
DA:15,1
DA:17,2
DA:18,1
DA:20,1
DA:26,3
DA:27,3
DA:28,0
DA:31,3
DA:32,21
DA:33,21
DA:34,18
DA:35,18
DA:36,3
DA:38,15
DA:39,0
DA:41,18
DA:43,3
DA:46,3
DA:50,5
DA:51,1
DA:52,1
DA:53,1
DA:54,1
DA:62,1
LF:31
LH:29
BRDA:17,0,0,1
BRDA:17,0,1,1
BRDA:27,1,0,0
BRDA:27,1,1,3
BRDA:33,2,0,18
BRDA:33,2,1,3
BRDA:33,3,0,21
BRDA:33,3,1,18
BRDA:33,3,2,16
BRDA:33,3,3,13
BRDA:35,4,0,3
BRDA:35,4,1,15
BRDA:38,5,0,0
BRDA:38,5,1,15
BRDA:38,6,0,15
BRDA:38,6,1,10
BRF:16
BRH:14
end_of_record
